Using pre-set license
Built from '2020.3/staging' branch; Version is '2020.3.0f1 (c7b5465681fb) revision 13088070'; Using compiler version '192528614'; Build Type 'Release'
OS: 'Windows 10 Enterprise; OS build 19042.2251; Version 2009; 64bit' Language: 'es' Physical Memory: 16190 MB
BatchMode: 1, IsHumanControllingUs: 0, StartBugReporterOnCrash: 0, Is64bit: 1, IsPro: 0

 COMMAND LINE ARGUMENTS:
C:\Program Files\Unity\Hub\Editor\2020.3.0f1\Editor\Unity.exe
-adb2
-batchMode
-noUpm
-name
AssetImportWorker0
-projectPath
C:/Users/AKAIYFS/JUEGO 2D
-logFile
Logs/AssetImportWorker0.log
-srvPort
50577
Successfully changed project path to: C:/Users/AKAIYFS/JUEGO 2D
C:/Users/AKAIYFS/JUEGO 2D
Using Asset Import Pipeline V2.
Refreshing native plugins compatible for Editor in 98.11 ms, found 1 plugins.
Preloading 0 native plugins for Editor in 0.00 ms.
Initialize engine version: 2020.3.0f1 (c7b5465681fb)
[Subsystems] Discovering subsystems at path C:/Program Files/Unity/Hub/Editor/2020.3.0f1/Editor/Data/Resources/UnitySubsystems
[Subsystems] Discovering subsystems at path C:/Users/AKAIYFS/JUEGO 2D/Assets
GfxDevice: creating device client; threaded=0
Direct3D:
    Version:  Direct3D 11.0 [level 11.1]
    Renderer: Intel(R) UHD Graphics 620 (ID=0x3ea0)
    Vendor:   
    VRAM:     8095 MB
    Driver:   27.20.100.9664
Initialize mono
Mono path[0] = 'C:/Program Files/Unity/Hub/Editor/2020.3.0f1/Editor/Data/Managed'
Mono path[1] = 'C:/Program Files/Unity/Hub/Editor/2020.3.0f1/Editor/Data/MonoBleedingEdge/lib/mono/unityjit'
Mono config path = 'C:/Program Files/Unity/Hub/Editor/2020.3.0f1/Editor/Data/MonoBleedingEdge/etc'
Using monoOptions --debugger-agent=transport=dt_socket,embedding=1,server=y,suspend=n,address=127.0.0.1:56492
Begin MonoManager ReloadAssembly
Registering precompiled unity dll's ...
Register platform support module: C:/Program Files/Unity/Hub/Editor/2020.3.0f1/Editor/Data/PlaybackEngines/WebGLSupport/UnityEditor.WebGL.Extensions.dll
Register platform support module: C:/Program Files/Unity/Hub/Editor/2020.3.0f1/Editor/Data/PlaybackEngines/WindowsStandaloneSupport/UnityEditor.WindowsStandalone.Extensions.dll
Registered in 0.857303 seconds.
Native extension for WindowsStandalone target not found
Native extension for WebGL target not found
Refreshing native plugins compatible for Editor in 313.08 ms, found 1 plugins.
Preloading 0 native plugins for Editor in 0.00 ms.
Invoked RoslynAnalysisRunner static constructor.
RoslynAnalysisRunner will not be running.
RoslynAnalysisRunner has terminated.
Mono: successfully reloaded assembly
- Completed reload, in 19.691 seconds
Platform modules already initialized, skipping
Registering precompiled user dll's ...
Registered in 0.010126 seconds.
Begin MonoManager ReloadAssembly
Native extension for WindowsStandalone target not found
Native extension for WebGL target not found
Refreshing native plugins compatible for Editor in 101.92 ms, found 1 plugins.
Preloading 0 native plugins for Editor in 0.00 ms.
Invoked RoslynAnalysisRunner static constructor.
RoslynAnalysisRunner will not be running.
RoslynAnalysisRunner has terminated.
Mono: successfully reloaded assembly
- Completed reload, in  3.156 seconds
Platform modules already initialized, skipping
========================================================================
Worker process is ready to serve import requests
Launched and connected shader compiler UnityShaderCompiler.exe after 0.29 seconds
Refreshing native plugins compatible for Editor in 0.64 ms, found 1 plugins.
Preloading 0 native plugins for Editor in 0.00 ms.
Unloading 1808 Unused Serialized files (Serialized files now loaded: 0)
System memory in use before: 84.6 MB.
System memory in use after: 84.5 MB.

Unloading 24 unused Assets to reduce memory usage. Loaded Objects now: 2250.
Total: 4.486600 ms (FindLiveObjects: 0.458600 ms CreateObjectMapping: 0.149400 ms MarkObjects: 3.628300 ms  DeleteObjects: 0.244400 ms)

========================================================================
Received Import Request.
  path: Assets/Scripts/Movement.cs
  artifactKey: Guid(88045eb58ffb52d4aab5110086cd1acb) Importer(815301076,1909f56bfc062723c751e8b465ee728b)
Start importing Assets/Scripts/Movement.cs using Guid(88045eb58ffb52d4aab5110086cd1acb) Importer(815301076,1909f56bfc062723c751e8b465ee728b)  -> (artifact id: 'feb6b654acfb27fec72d4b4c329a60f3') in 0.092473 seconds
  Import took 0.099924 seconds .

========================================================================
Received Import Request.
  Time since last request: 700.528326 seconds.
  path: Assets/Scripts/BulletScript.cs
  artifactKey: Guid(daf11fc1e122dc64cab52260cb39916a) Importer(815301076,1909f56bfc062723c751e8b465ee728b)
Start importing Assets/Scripts/BulletScript.cs using Guid(daf11fc1e122dc64cab52260cb39916a) Importer(815301076,1909f56bfc062723c751e8b465ee728b)  -> (artifact id: '606d57cf0f85f5a770d64db31e69680d') in 0.019004 seconds
  Import took 0.029567 seconds .

========================================================================
Received Import Request.
  Time since last request: 11.970174 seconds.
  path: Assets/Scripts/CameraScript.cs
  artifactKey: Guid(6a971344d3c8d52469af4879341c2b40) Importer(815301076,1909f56bfc062723c751e8b465ee728b)
Start importing Assets/Scripts/CameraScript.cs using Guid(6a971344d3c8d52469af4879341c2b40) Importer(815301076,1909f56bfc062723c751e8b465ee728b)  -> (artifact id: '1f8c01fdbb7db0bd5c373e6b947b8930') in 0.015713 seconds
  Import took 0.026715 seconds .

AssetImportWorkerClient::OnTransportError - code=2 error=End of file
